0 info it worked if it ends with ok
1 verbose cli [ '/usr/local/bin/node',
1 verbose cli   '/usr/local/bin/npm',
1 verbose cli   'run',
1 verbose cli   'prepublish' ]
2 info using npm@3.10.10
3 info using node@v6.11.0
4 verbose run-script [ 'prepublish' ]
5 info lifecycle @maginetv/shaka-player@2.1.7~prepublish: @maginetv/shaka-player@2.1.7
6 verbose lifecycle @maginetv/shaka-player@2.1.7~prepublish: unsafe-perm in lifecycle true
7 verbose lifecycle @maginetv/shaka-player@2.1.7~prepublish: PATH: /usr/local/lib/node_modules/npm/bin/node-gyp-bin:/Users/johan/Magine/repos/shaka/shaka-player/node_modules/.bin:/usr/local/bin:/usr/bin:/bin:/usr/sbin:/sbin
8 verbose lifecycle @maginetv/shaka-player@2.1.7~prepublish: CWD: /Users/johan/Magine/repos/shaka/shaka-player
9 silly lifecycle @maginetv/shaka-player@2.1.7~prepublish: Args: [ '-c', 'python ./build/all.py && python ./build/build.py' ]
10 silly lifecycle @maginetv/shaka-player@2.1.7~prepublish: Returned: code: 1  signal: null
11 info lifecycle @maginetv/shaka-player@2.1.7~prepublish: Failed to exec prepublish script
12 verbose stack Error: @maginetv/shaka-player@2.1.7 prepublish: `python ./build/all.py && python ./build/build.py`
12 verbose stack Exit status 1
12 verbose stack     at EventEmitter.<anonymous> (/usr/local/lib/node_modules/npm/lib/utils/lifecycle.js:255:16)
12 verbose stack     at emitTwo (events.js:106:13)
12 verbose stack     at EventEmitter.emit (events.js:191:7)
12 verbose stack     at ChildProcess.<anonymous> (/usr/local/lib/node_modules/npm/lib/utils/spawn.js:40:14)
12 verbose stack     at emitTwo (events.js:106:13)
12 verbose stack     at ChildProcess.emit (events.js:191:7)
12 verbose stack     at maybeClose (internal/child_process.js:891:16)
12 verbose stack     at Process.ChildProcess._handle.onexit (internal/child_process.js:226:5)
13 verbose pkgid @maginetv/shaka-player@2.1.7
14 verbose cwd /Users/johan/Magine/repos/shaka/shaka-player
15 error Darwin 16.7.0
16 error argv "/usr/local/bin/node" "/usr/local/bin/npm" "run" "prepublish"
17 error node v6.11.0
18 error npm  v3.10.10
19 error code ELIFECYCLE
20 error @maginetv/shaka-player@2.1.7 prepublish: `python ./build/all.py && python ./build/build.py`
20 error Exit status 1
21 error Failed at the @maginetv/shaka-player@2.1.7 prepublish script 'python ./build/all.py && python ./build/build.py'.
21 error Make sure you have the latest version of node.js and npm installed.
21 error If you do, this is most likely a problem with the @maginetv/shaka-player package,
21 error not with npm itself.
21 error Tell the author that this fails on your system:
21 error     python ./build/all.py && python ./build/build.py
21 error You can get information on how to open an issue for this project with:
21 error     npm bugs @maginetv/shaka-player
21 error Or if that isn't available, you can get their info via:
21 error     npm owner ls @maginetv/shaka-player
21 error There is likely additional logging output above.
22 verbose exit [ 1, true ]
